<?xml version="1.0" encoding="UTF-8"?>
<testsuite name="com.tran.qa16.tests.ContactCreationTests" tests="1" skipped="0" failures="0" errors="0" timestamp="2018-08-06T17:30:49" hostname="LAPTOP-0M8HKU64" time="0.845">
  <properties/>
  <testcase name="testContactCreation" classname="com.tran.qa16.tests.ContactCreationTests" time="0.845"/>
  <system-out><![CDATA[]]></system-out>
  <system-err><![CDATA[]]></system-err>
</testsuite>
