<?xml version="1.0" encoding="UTF-8"?>
<testsuite name="com.tran.qa16.tests.GroupDeletionTests" tests="2" skipped="0" failures="0" errors="0" timestamp="2018-08-06T17:30:36" hostname="LAPTOP-0M8HKU64" time="7.321">
  <properties/>
  <testcase name="deletionFirstGroupTest" classname="com.tran.qa16.tests.GroupDeletionTests" time="2.303"/>
  <testcase name="deletionLastGroupTest" classname="com.tran.qa16.tests.GroupDeletionTests" time="5.018"/>
  <system-out><![CDATA[]]></system-out>
  <system-err><![CDATA[]]></system-err>
</testsuite>
