<?xml version="1.0" encoding="UTF-8"?>
<testsuite name="com.tran.qa16.tests.GroupCreationTests" tests="1" skipped="0" failures="0" errors="0" timestamp="2018-08-06T17:30:28" hostname="LAPTOP-0M8HKU64" time="6.999">
  <properties/>
  <testcase name="testGroupCreation" classname="com.tran.qa16.tests.GroupCreationTests" time="6.999"/>
  <system-out><![CDATA[]]></system-out>
  <system-err><![CDATA[]]></system-err>
</testsuite>
