<?xml version="1.0" encoding="UTF-8"?>
<testsuite name="com.tran.qa16.tests.TestLogin" tests="2" skipped="0" failures="0" errors="0" timestamp="2018-08-06T17:30:44" hostname="LAPTOP-0M8HKU64" time="2.759">
  <properties/>
  <testcase name="loginTest" classname="com.tran.qa16.tests.TestLogin" time="0.328"/>
  <testcase name="negativeLoginTest" classname="com.tran.qa16.tests.TestLogin" time="2.343"/>
  <system-out><![CDATA[]]></system-out>
  <system-err><![CDATA[]]></system-err>
</testsuite>
