<?xml version="1.0" encoding="UTF-8"?>
<testsuite name="com.tran.qa16.tests.ContactModificationTests" tests="1" skipped="0" failures="0" errors="0" timestamp="2018-08-06T17:30:50" hostname="LAPTOP-0M8HKU64" time="9.08">
  <properties/>
  <testcase name="testContactModification" classname="com.tran.qa16.tests.ContactModificationTests" time="9.08"/>
  <system-out><![CDATA[]]></system-out>
  <system-err><![CDATA[]]></system-err>
</testsuite>
